{"numTotalTestSuites":6,"numPassedTestSuites":6,"numFailedTestSuites":0,"numPendingTestSuites":0,"numTotalTests":18,"numPassedTests":16,"numFailedTests":0,"numPendingTests":2,"numTodoTests":0,"snapshot":{"added":0,"failure":false,"filesAdded":0,"filesRemoved":0,"filesRemovedList":[],"filesUnmatched":0,"filesUpdated":0,"matched":0,"total":0,"unchecked":0,"uncheckedKeysByFile":[],"unmatched":0,"updated":0,"didUpdate":false},"startTime":1771287939320,"success":true,"testResults":[{"assertionResults":[{"ancestorTitles":["detectSyncConflicts"],"fullName":"detectSyncConflicts should detect no conflict when checksums match","status":"skipped","title":"should detect no conflict when checksums match","failureMessages":[],"meta":{}},{"ancestorTitles":["detectSyncConflicts"],"fullName":"detectSyncConflicts should detect conflict when checksums mismatch","status":"passed","title":"should detect conflict when checksums mismatch","duration":3.013541000000032,"failureMessages":[],"meta":{}},{"ancestorTitles":["detectSyncConflicts"],"fullName":"detectSyncConflicts should detect missing file conflict","status":"passed","title":"should detect missing file conflict","duration":0.4656250000000455,"failureMessages":[],"meta":{}},{"ancestorTitles":["detectSyncConflicts"],"fullName":"detectSyncConflicts should handle story not in database (no conflict)","status":"passed","title":"should handle story not in database (no conflict)","duration":0.35674999999991996,"failureMessages":[],"meta":{}},{"ancestorTitles":["detectSyncConflicts"],"fullName":"detectSyncConflicts should log conflicts to syncConflicts table","status":"passed","title":"should log conflicts to syncConflicts table","duration":0.5046250000000327,"failureMessages":[],"meta":{}},{"ancestorTitles":["detectSyncConflicts"],"fullName":"detectSyncConflicts should handle validation errors gracefully","status":"passed","title":"should handle validation errors gracefully","duration":0.28983400000004167,"failureMessages":[],"meta":{}}],"startTime":1771287939875,"endTime":1771287939880.2898,"status":"passed","message":"","name":"/Users/michaelmenard/Development/monorepo/packages/backend/kbar-sync/src/__tests__/detect-sync-conflicts.test.ts"},{"assertionResults":[{"ancestorTitles":["syncStoryFromDatabase"],"fullName":"syncStoryFromDatabase should successfully sync story from database to filesystem","status":"passed","title":"should successfully sync story from database to filesystem","duration":5.630292000000054,"failureMessages":[],"meta":{}},{"ancestorTitles":["syncStoryFromDatabase"],"fullName":"syncStoryFromDatabase should handle story not found error gracefully","status":"passed","title":"should handle story not found error gracefully","duration":0.4917920000000322,"failureMessages":[],"meta":{}},{"ancestorTitles":["syncStoryFromDatabase"],"fullName":"syncStoryFromDatabase should use atomic file write pattern (temp + rename)","status":"passed","title":"should use atomic file write pattern (temp + rename)","duration":0.7345410000000356,"failureMessages":[],"meta":{}},{"ancestorTitles":["syncStoryFromDatabase"],"fullName":"syncStoryFromDatabase should clean up temp file on write failure","status":"passed","title":"should clean up temp file on write failure","duration":0.4642499999999927,"failureMessages":[],"meta":{}},{"ancestorTitles":["syncStoryFromDatabase"],"fullName":"syncStoryFromDatabase should create sync event with correct metadata","status":"passed","title":"should create sync event with correct metadata","duration":0.5118750000000318,"failureMessages":[],"meta":{}}],"startTime":1771287939876,"endTime":1771287939884.512,"status":"passed","message":"","name":"/Users/michaelmenard/Development/monorepo/packages/backend/kbar-sync/src/__tests__/sync-story-from-database.test.ts"},{"assertionResults":[{"ancestorTitles":["syncStoryToDatabase"],"fullName":"syncStoryToDatabase should successfully sync a new story to database","status":"passed","title":"should successfully sync a new story to database","duration":6.5620420000000195,"failureMessages":[],"meta":{}},{"ancestorTitles":["syncStoryToDatabase"],"fullName":"syncStoryToDatabase should skip sync when checksum is unchanged (idempotency - AC-4)","status":"skipped","title":"should skip sync when checksum is unchanged (idempotency - AC-4)","failureMessages":[],"meta":{}},{"ancestorTitles":["syncStoryToDatabase"],"fullName":"syncStoryToDatabase should handle validation errors gracefully (AC-6)","status":"passed","title":"should handle validation errors gracefully (AC-6)","duration":0.40049999999996544,"failureMessages":[],"meta":{}},{"ancestorTitles":["syncStoryToDatabase"],"fullName":"syncStoryToDatabase should handle file read errors gracefully (AC-6)","status":"passed","title":"should handle file read errors gracefully (AC-6)","duration":0.45012499999995725,"failureMessages":[],"meta":{}},{"ancestorTitles":["syncStoryToDatabase"],"fullName":"syncStoryToDatabase should handle YAML parse errors gracefully (AC-6)","status":"passed","title":"should handle YAML parse errors gracefully (AC-6)","duration":0.9233330000000706,"failureMessages":[],"meta":{}},{"ancestorTitles":["syncStoryToDatabase"],"fullName":"syncStoryToDatabase should create sync event record (AC-7)","status":"passed","title":"should create sync event record (AC-7)","duration":0.9562919999999622,"failureMessages":[],"meta":{}},{"ancestorTitles":["syncStoryToDatabase"],"fullName":"syncStoryToDatabase should compute SHA-256 checksum correctly (AC-4)","status":"passed","title":"should compute SHA-256 checksum correctly (AC-4)","duration":0.562334000000078,"failureMessages":[],"meta":{}}],"startTime":1771287939876,"endTime":1771287939885.5623,"status":"passed","message":"","name":"/Users/michaelmenard/Development/monorepo/packages/backend/kbar-sync/src/__tests__/sync-story-to-database.test.ts"}]}